0 info it worked if it ends with ok
1 verbose cli [ '/usr/local/bin/node', '/usr/local/bin/npm', 'run', 'pushlive' ]
2 info using npm@3.10.3
3 info using node@v6.3.1
4 verbose run-script [ 'prepushlive', 'pushlive', 'postpushlive' ]
5 info lifecycle HOLZFORMART@1.0.0~prepushlive: HOLZFORMART@1.0.0
6 silly lifecycle HOLZFORMART@1.0.0~prepushlive: no script for prepushlive, continuing
7 info lifecycle HOLZFORMART@1.0.0~pushlive: HOLZFORMART@1.0.0
8 verbose lifecycle HOLZFORMART@1.0.0~pushlive: unsafe-perm in lifecycle true
9 verbose lifecycle HOLZFORMART@1.0.0~pushlive: PATH: /usr/local/lib/node_modules/npm/bin/node-gyp-bin:/Users/danielkremin/Sites/yolo.web.holzformart/node_modules/.bin:/usr/local/bin:/usr/local/bin:/usr/bin:/bin:/usr/sbin:/sbin:/usr/local/git/bin
10 verbose lifecycle HOLZFORMART@1.0.0~pushlive: CWD: /Users/danielkremin/Sites/yolo.web.holzformart
11 silly lifecycle HOLZFORMART@1.0.0~pushlive: Args: [ '-c',
11 silly lifecycle   'git-ftp push --syncroot public -u hfa_hfm -P - ftp://holzformart.de/httpdocs' ]
12 silly lifecycle HOLZFORMART@1.0.0~pushlive: Returned: code: 8  signal: null
13 info lifecycle HOLZFORMART@1.0.0~pushlive: Failed to exec pushlive script
14 verbose stack Error: HOLZFORMART@1.0.0 pushlive: `git-ftp push --syncroot public -u hfa_hfm -P - ftp://holzformart.de/httpdocs`
14 verbose stack Exit status 8
14 verbose stack     at EventEmitter.<anonymous> (/usr/local/lib/node_modules/npm/lib/utils/lifecycle.js:242:16)
14 verbose stack     at emitTwo (events.js:106:13)
14 verbose stack     at EventEmitter.emit (events.js:191:7)
14 verbose stack     at ChildProcess.<anonymous> (/usr/local/lib/node_modules/npm/lib/utils/spawn.js:40:14)
14 verbose stack     at emitTwo (events.js:106:13)
14 verbose stack     at ChildProcess.emit (events.js:191:7)
14 verbose stack     at maybeClose (internal/child_process.js:852:16)
14 verbose stack     at Process.ChildProcess._handle.onexit (internal/child_process.js:215:5)
15 verbose pkgid HOLZFORMART@1.0.0
16 verbose cwd /Users/danielkremin/Sites/yolo.web.holzformart
17 error Darwin 14.5.0
18 error argv "/usr/local/bin/node" "/usr/local/bin/npm" "run" "pushlive"
19 error node v6.3.1
20 error npm  v3.10.3
21 error code ELIFECYCLE
22 error HOLZFORMART@1.0.0 pushlive: `git-ftp push --syncroot public -u hfa_hfm -P - ftp://holzformart.de/httpdocs`
22 error Exit status 8
23 error Failed at the HOLZFORMART@1.0.0 pushlive script 'git-ftp push --syncroot public -u hfa_hfm -P - ftp://holzformart.de/httpdocs'.
23 error Make sure you have the latest version of node.js and npm installed.
23 error If you do, this is most likely a problem with the HOLZFORMART package,
23 error not with npm itself.
23 error Tell the author that this fails on your system:
23 error     git-ftp push --syncroot public -u hfa_hfm -P - ftp://holzformart.de/httpdocs
23 error You can get information on how to open an issue for this project with:
23 error     npm bugs HOLZFORMART
23 error Or if that isn't available, you can get their info via:
23 error     npm owner ls HOLZFORMART
23 error There is likely additional logging output above.
24 verbose exit [ 1, true ]
